1699273457529:help
1699273462319:--help
1699273469317:hello
1699274439484:help
1699274453168:hello
1699275101621:create user
1699278360012:create users
1699278373180:create user
1699280442817:help
1699281450252:create user
1699282268612:create hsee
1699282384854:create user
1699282799678:create yser
1699282881771:create user
1699283050496:create suer
1699283077972:create user
1699287608439:create yser
1699287834566:create User
1699288449217:create user
1699289872097:create song
1699289875578:create jwt
1699289964009:create user
1699290028345:create User
1699290110687:create user
1699302098546:help
1699303314321:create
1699303317252:create name
1699304018425:create user
1699305913628:gelp
1699305915185:help
1699306044829:create user
1699306061523:help
1699306078503:create user
